<?xml version="1.0" encoding="UTF-8"?>
<testng-results skipped="0" failed="0" ignored="2" total="19" passed="17">
  <reporter-output>
  </reporter-output>
  <suite name="All Test Suite" duration-ms="7481" started-at="2020-11-30T20:13:38 CST" finished-at="2020-11-30T20:13:45 CST">
    <groups>
    </groups>
    <test name="post请求测试" duration-ms="7481" started-at="2020-11-30T20:13:38 CST" finished-at="2020-11-30T20:13:45 CST">
      <class name="com.test.LoginCase">
        <test-method status="PASS" signature="test(java.lang.String, java.lang.String, java.lang.String, java.lang.String, java.lang.String, java.lang.String)[pri:0, instance:com.test.LoginCase@5b87ed94]" name="test" duration-ms="108" started-at="2020-11-30T20:13:43 CST" data-provider="data" finished-at="2020-11-30T20:13:43 CST">
          <params>
            <param index="0">
              <value>
                <![CDATA[11]]>
              </value>
            </param>
            <param index="1">
              <value>
                <![CDATA[3]]>
              </value>
            </param>
            <param index="2">
              <value>
                <![CDATA[{"mobile_phone":"${mobilephone}","pwd":""}]]>
              </value>
            </param>
            <param index="3">
              <value>
                <![CDATA[{"code":1,"msg":"密码为空","data":null,"copyright":"Copyright 柠檬班 © 2017-2020 湖南省零檬信息技术有限公司 All Rights Reserved"}]]>
              </value>
            </param>
            <param index="4">
              <value>
                <![CDATA[]]>
              </value>
            </param>
            <param index="5">
              <value>
                <![CDATA[]]>
              </value>
            </param>
          </params>
          <reporter-output>
          </reporter-output>
        </test-method> <!-- test -->
        <test-method status="PASS" signature="test(java.lang.String, java.lang.String, java.lang.String, java.lang.String, java.lang.String, java.lang.String)[pri:0, instance:com.test.LoginCase@5b87ed94]" name="test" duration-ms="73" started-at="2020-11-30T20:13:43 CST" data-provider="data" finished-at="2020-11-30T20:13:43 CST">
          <params>
            <param index="0">
              <value>
                <![CDATA[12]]>
              </value>
            </param>
            <param index="1">
              <value>
                <![CDATA[3]]>
              </value>
            </param>
            <param index="2">
              <value>
                <![CDATA[{"mobile_phone":"","pwd":"${pwd}"}]]>
              </value>
            </param>
            <param index="3">
              <value>
                <![CDATA[{"code":1,"msg":"手机号码为空","data":null,"copyright":"Copyright 柠檬班 © 2017-2020 湖南省零檬信息技术有限公司 All Rights Reserved"}]]>
              </value>
            </param>
            <param index="4">
              <value>
                <![CDATA[]]>
              </value>
            </param>
            <param index="5">
              <value>
                <![CDATA[]]>
              </value>
            </param>
          </params>
          <reporter-output>
          </reporter-output>
        </test-method> <!-- test -->
        <test-method status="PASS" signature="test(java.lang.String, java.lang.String, java.lang.String, java.lang.String, java.lang.String, java.lang.String)[pri:0, instance:com.test.LoginCase@5b87ed94]" name="test" duration-ms="100" started-at="2020-11-30T20:13:43 CST" data-provider="data" finished-at="2020-11-30T20:13:43 CST">
          <params>
            <param index="0">
              <value>
                <![CDATA[13]]>
              </value>
            </param>
            <param index="1">
              <value>
                <![CDATA[3]]>
              </value>
            </param>
            <param index="2">
              <value>
                <![CDATA[{"mobile_phone":"138","pwd":"${pwd}"}]]>
              </value>
            </param>
            <param index="3">
              <value>
                <![CDATA[{"code":2,"msg":"无效的手机格式","data":null,"copyright":"Copyright 柠檬班 © 2017-2020 湖南省零檬信息技术有限公司 All Rights Reserved"}]]>
              </value>
            </param>
            <param index="4">
              <value>
                <![CDATA[]]>
              </value>
            </param>
            <param index="5">
              <value>
                <![CDATA[]]>
              </value>
            </param>
          </params>
          <reporter-output>
          </reporter-output>
        </test-method> <!-- test -->
        <test-method status="PASS" signature="test(java.lang.String, java.lang.String, java.lang.String, java.lang.String, java.lang.String, java.lang.String)[pri:0, instance:com.test.LoginCase@5b87ed94]" name="test" duration-ms="250" started-at="2020-11-30T20:13:43 CST" data-provider="data" finished-at="2020-11-30T20:13:43 CST">
          <params>
            <param index="0">
              <value>
                <![CDATA[14]]>
              </value>
            </param>
            <param index="1">
              <value>
                <![CDATA[3]]>
              </value>
            </param>
            <param index="2">
              <value>
                <![CDATA[{"mobile_phone":"${mobilephone}","pwd":"abc123"}]]>
              </value>
            </param>
            <param index="3">
              <value>
                <![CDATA[{"code":1001,"msg":"账号信息错误","data":null,"copyright":"Copyright 柠檬班 © 2017-2020 湖南省零檬信息技术有限公司 All Rights Reserved"}]]>
              </value>
            </param>
            <param index="4">
              <value>
                <![CDATA[]]>
              </value>
            </param>
            <param index="5">
              <value>
                <![CDATA[]]>
              </value>
            </param>
          </params>
          <reporter-output>
          </reporter-output>
        </test-method> <!-- test -->
        <test-method status="PASS" signature="test(java.lang.String, java.lang.String, java.lang.String, java.lang.String, java.lang.String, java.lang.String)[pri:0, instance:com.test.LoginCase@5b87ed94]" name="test" duration-ms="261" started-at="2020-11-30T20:13:43 CST" data-provider="data" finished-at="2020-11-30T20:13:43 CST">
          <params>
            <param index="0">
              <value>
                <![CDATA[15]]>
              </value>
            </param>
            <param index="1">
              <value>
                <![CDATA[3]]>
              </value>
            </param>
            <param index="2">
              <value>
                <![CDATA[{"mobile_phone":"${mobilephone}","pwd":"${pwd}"}]]>
              </value>
            </param>
            <param index="3">
              <value>
                <![CDATA[{"code":0,"msg":"OK","data":{"id":19819,"leave_amount":123.0,"mobile_phone":"13866666666","reg_name":"小柠檬","reg_time":"2020-09-15 16:37:00.0","type":1,"token_info":{"token_type":"Bearer","expires_in":"2020-09-17 17:03:55","token":"eyJhbGciOiJIUzUxMiJ9.eyJtZW1iZXJfaWQiOjE5ODE5LCJleHAiOjE2MDAzMzM0MzV9.UVnSkHmIgv3IX37KOXOcTGmOedslFRdjtb9bxcelEI3_thjX25KQCPttBTUmcyXUn8Lw4p1_3Y3FegapTVDICg"}},"copyright":"Copyright 柠檬班 © 2017-2020 湖南省零檬信息技术有限公司 All Rights Reserved"}]]>
              </value>
            </param>
            <param index="4">
              <value>
                <![CDATA[]]>
              </value>
            </param>
            <param index="5">
              <value>
                <![CDATA[]]>
              </value>
            </param>
          </params>
          <reporter-output>
          </reporter-output>
        </test-method> <!-- test -->
      </class> <!-- com.test.LoginCase -->
      <class name="com.test.RechargeCase">
        <test-method status="PASS" signature="test(java.lang.String, java.lang.String, java.lang.String, java.lang.String, java.lang.String, java.lang.String)[pri:0, instance:com.test.RechargeCase@6e0e048a]" name="test" duration-ms="84" started-at="2020-11-30T20:13:43 CST" data-provider="data" finished-at="2020-11-30T20:13:43 CST">
          <params>
            <param index="0">
              <value>
                <![CDATA[16]]>
              </value>
            </param>
            <param index="1">
              <value>
                <![CDATA[4]]>
              </value>
            </param>
            <param index="2">
              <value>
                <![CDATA[{"member_id":"0","amount":"123"}]]>
              </value>
            </param>
            <param index="3">
              <value>
                <![CDATA[{"code":1007,"msg":"无权限访问，请检查参数","data":null,"copyright":"Copyright 柠檬班 © 2017-2020 湖南省零檬信息技术有限公司 All Rights Reserved"}]]>
              </value>
            </param>
            <param index="4">
              <value>
                <![CDATA[]]>
              </value>
            </param>
            <param index="5">
              <value>
                <![CDATA[]]>
              </value>
            </param>
          </params>
          <reporter-output>
          </reporter-output>
        </test-method> <!-- test -->
        <test-method status="PASS" signature="test(java.lang.String, java.lang.String, java.lang.String, java.lang.String, java.lang.String, java.lang.String)[pri:0, instance:com.test.RechargeCase@6e0e048a]" name="test" duration-ms="76" started-at="2020-11-30T20:13:43 CST" data-provider="data" finished-at="2020-11-30T20:13:44 CST">
          <params>
            <param index="0">
              <value>
                <![CDATA[17]]>
              </value>
            </param>
            <param index="1">
              <value>
                <![CDATA[4]]>
              </value>
            </param>
            <param index="2">
              <value>
                <![CDATA[{"member_id":"${memberId}","amount":""}]]>
              </value>
            </param>
            <param index="3">
              <value>
                <![CDATA[{"code":1,"msg":"余额为空","data":null,"copyright":"Copyright 柠檬班 © 2017-2020 湖南省零檬信息技术有限公司 All Rights Reserved"}]]>
              </value>
            </param>
            <param index="4">
              <value>
                <![CDATA[]]>
              </value>
            </param>
            <param index="5">
              <value>
                <![CDATA[]]>
              </value>
            </param>
          </params>
          <reporter-output>
          </reporter-output>
        </test-method> <!-- test -->
        <test-method status="PASS" signature="test(java.lang.String, java.lang.String, java.lang.String, java.lang.String, java.lang.String, java.lang.String)[pri:0, instance:com.test.RechargeCase@6e0e048a]" name="test" duration-ms="90" started-at="2020-11-30T20:13:44 CST" data-provider="data" finished-at="2020-11-30T20:13:44 CST">
          <params>
            <param index="0">
              <value>
                <![CDATA[18]]>
              </value>
            </param>
            <param index="1">
              <value>
                <![CDATA[4]]>
              </value>
            </param>
            <param index="2">
              <value>
                <![CDATA[{"member_id":"${memberId}","amount":"500001"}]]>
              </value>
            </param>
            <param index="3">
              <value>
                <![CDATA[{"code":2,"msg":"余额必须大于0并且小于或者等于500000","data":null,"copyright":"Copyright 柠檬班 © 2017-2020 湖南省零檬信息技术有限公司 All Rights Reserved"}]]>
              </value>
            </param>
            <param index="4">
              <value>
                <![CDATA[]]>
              </value>
            </param>
            <param index="5">
              <value>
                <![CDATA[]]>
              </value>
            </param>
          </params>
          <reporter-output>
          </reporter-output>
        </test-method> <!-- test -->
        <test-method status="PASS" signature="test(java.lang.String, java.lang.String, java.lang.String, java.lang.String, java.lang.String, java.lang.String)[pri:0, instance:com.test.RechargeCase@6e0e048a]" name="test" duration-ms="98" started-at="2020-11-30T20:13:44 CST" data-provider="data" finished-at="2020-11-30T20:13:44 CST">
          <params>
            <param index="0">
              <value>
                <![CDATA[19]]>
              </value>
            </param>
            <param index="1">
              <value>
                <![CDATA[4]]>
              </value>
            </param>
            <param index="2">
              <value>
                <![CDATA[{"member_id":"${memberId}","amount":"-1"}]]>
              </value>
            </param>
            <param index="3">
              <value>
                <![CDATA[{"code":2,"msg":"余额必须大于0并且小于或者等于500000","data":null,"copyright":"Copyright 柠檬班 © 2017-2020 湖南省零檬信息技术有限公司 All Rights Reserved"}]]>
              </value>
            </param>
            <param index="4">
              <value>
                <![CDATA[]]>
              </value>
            </param>
            <param index="5">
              <value>
                <![CDATA[]]>
              </value>
            </param>
          </params>
          <reporter-output>
          </reporter-output>
        </test-method> <!-- test -->
        <test-method status="PASS" signature="test(java.lang.String, java.lang.String, java.lang.String, java.lang.String, java.lang.String, java.lang.String)[pri:0, instance:com.test.RechargeCase@6e0e048a]" name="test" duration-ms="86" started-at="2020-11-30T20:13:44 CST" data-provider="data" finished-at="2020-11-30T20:13:44 CST">
          <params>
            <param index="0">
              <value>
                <![CDATA[20]]>
              </value>
            </param>
            <param index="1">
              <value>
                <![CDATA[4]]>
              </value>
            </param>
            <param index="2">
              <value>
                <![CDATA[{"member_id":"${memberId}","amount":"123.123"}]]>
              </value>
            </param>
            <param index="3">
              <value>
                <![CDATA[{"code":2,"msg":"余额小数超过两位","data":null,"copyright":"Copyright 柠檬班 © 2017-2020 湖南省零檬信息技术有限公司 All Rights Reserved"}]]>
              </value>
            </param>
            <param index="4">
              <value>
                <![CDATA[]]>
              </value>
            </param>
            <param index="5">
              <value>
                <![CDATA[]]>
              </value>
            </param>
          </params>
          <reporter-output>
          </reporter-output>
        </test-method> <!-- test -->
        <test-method status="PASS" signature="test(java.lang.String, java.lang.String, java.lang.String, java.lang.String, java.lang.String, java.lang.String)[pri:0, instance:com.test.RechargeCase@6e0e048a]" name="test" duration-ms="1489" started-at="2020-11-30T20:13:44 CST" data-provider="data" finished-at="2020-11-30T20:13:45 CST">
          <params>
            <param index="0">
              <value>
                <![CDATA[21]]>
              </value>
            </param>
            <param index="1">
              <value>
                <![CDATA[4]]>
              </value>
            </param>
            <param index="2">
              <value>
                <![CDATA[{"member_id":"${memberId}","amount":"123"}]]>
              </value>
            </param>
            <param index="3">
              <value>
                <![CDATA[{"code":0,"msg":"OK","data":{"id":19819,"leave_amount":50247.0,"mobile_phone":"13866666666","reg_name":"小柠檬","reg_time":"2020-09-15 16:37:00.0","type":1},"copyright":"Copyright 柠檬班 © 2017-2020 湖南省零檬信息技术有限公司 All Rights Reserved"}]]>
              </value>
            </param>
            <param index="4">
              <value>
                <![CDATA[[{"no":"1","sql":"SELECT leave_amount FROM member WHERE id = '${memberId}'"},{"no":"2","sql":"SELECT COUNT(*) count FROM financelog WHERE income_member_id = '${memberId}'"}]]]>
              </value>
            </param>
            <param index="5">
              <value>
                <![CDATA[[{"no":"1","sql":"SELECT leave_amount FROM member WHERE id = '${memberId}'"},{"no":"2","sql":"SELECT COUNT(*) count FROM financelog WHERE income_member_id = '${memberId}'"}]]]>
              </value>
            </param>
          </params>
          <reporter-output>
          </reporter-output>
        </test-method> <!-- test -->
      </class> <!-- com.test.RechargeCase -->
      <class name="com.test.RegisterCase">
        <test-method status="PASS" signature="test(java.lang.String, java.lang.String, java.lang.String, java.lang.String, java.lang.String, java.lang.String)[pri:0, instance:com.test.RegisterCase@7fac631b]" name="test" duration-ms="2110" started-at="2020-11-30T20:13:39 CST" data-provider="data" finished-at="2020-11-30T20:13:41 CST">
          <params>
            <param index="0">
              <value>
                <![CDATA[5]]>
              </value>
            </param>
            <param index="1">
              <value>
                <![CDATA[2]]>
              </value>
            </param>
            <param index="2">
              <value>
                <![CDATA[{"mobile_phone":"${mobilephone}","pwd":""}]]>
              </value>
            </param>
            <param index="3">
              <value>
                <![CDATA[{"code":1,"msg":"密码为空","data":null,"copyright":"Copyright 柠檬班 © 2017-2020 湖南省零檬信息技术有限公司 All Rights Reserved"}]]>
              </value>
            </param>
            <param index="4">
              <value>
                <![CDATA[]]>
              </value>
            </param>
            <param index="5">
              <value>
                <![CDATA[]]>
              </value>
            </param>
          </params>
          <reporter-output>
          </reporter-output>
        </test-method> <!-- test -->
        <test-method status="PASS" signature="test(java.lang.String, java.lang.String, java.lang.String, java.lang.String, java.lang.String, java.lang.String)[pri:0, instance:com.test.RegisterCase@7fac631b]" name="test" duration-ms="87" started-at="2020-11-30T20:13:41 CST" data-provider="data" finished-at="2020-11-30T20:13:41 CST">
          <params>
            <param index="0">
              <value>
                <![CDATA[6]]>
              </value>
            </param>
            <param index="1">
              <value>
                <![CDATA[2]]>
              </value>
            </param>
            <param index="2">
              <value>
                <![CDATA[{"mobile_phone":"","pwd":"${pwd}"}]]>
              </value>
            </param>
            <param index="3">
              <value>
                <![CDATA[{"code":1,"msg":"手机号为空","data":null,"copyright":"Copyright 柠檬班 © 2017-2020 湖南省零檬信息技术有限公司 All Rights Reserved"}]]>
              </value>
            </param>
            <param index="4">
              <value>
                <![CDATA[]]>
              </value>
            </param>
            <param index="5">
              <value>
                <![CDATA[]]>
              </value>
            </param>
          </params>
          <reporter-output>
          </reporter-output>
        </test-method> <!-- test -->
        <test-method status="PASS" signature="test(java.lang.String, java.lang.String, java.lang.String, java.lang.String, java.lang.String, java.lang.String)[pri:0, instance:com.test.RegisterCase@7fac631b]" name="test" duration-ms="60" started-at="2020-11-30T20:13:41 CST" data-provider="data" finished-at="2020-11-30T20:13:41 CST">
          <params>
            <param index="0">
              <value>
                <![CDATA[7]]>
              </value>
            </param>
            <param index="1">
              <value>
                <![CDATA[2]]>
              </value>
            </param>
            <param index="2">
              <value>
                <![CDATA[{"mobile_phone":"138","pwd":"${pwd}"}]]>
              </value>
            </param>
            <param index="3">
              <value>
                <![CDATA[{"code":2,"msg":"无效的手机格式","data":null,"copyright":"Copyright 柠檬班 © 2017-2020 湖南省零檬信息技术有限公司 All Rights Reserved"}]]>
              </value>
            </param>
            <param index="4">
              <value>
                <![CDATA[]]>
              </value>
            </param>
            <param index="5">
              <value>
                <![CDATA[]]>
              </value>
            </param>
          </params>
          <reporter-output>
          </reporter-output>
        </test-method> <!-- test -->
        <test-method status="PASS" signature="test(java.lang.String, java.lang.String, java.lang.String, java.lang.String, java.lang.String, java.lang.String)[pri:0, instance:com.test.RegisterCase@7fac631b]" name="test" duration-ms="79" started-at="2020-11-30T20:13:41 CST" data-provider="data" finished-at="2020-11-30T20:13:41 CST">
          <params>
            <param index="0">
              <value>
                <![CDATA[8]]>
              </value>
            </param>
            <param index="1">
              <value>
                <![CDATA[2]]>
              </value>
            </param>
            <param index="2">
              <value>
                <![CDATA[{"mobile_phone":"${mobilephone}","pwd":"123"}]]>
              </value>
            </param>
            <param index="3">
              <value>
                <![CDATA[{"code":2,"msg":"密码格式为8到16位","data":null,"copyright":"Copyright 柠檬班 © 2017-2020 湖南省零檬信息技术有限公司 All Rights Reserved"}]]>
              </value>
            </param>
            <param index="4">
              <value>
                <![CDATA[]]>
              </value>
            </param>
            <param index="5">
              <value>
                <![CDATA[]]>
              </value>
            </param>
          </params>
          <reporter-output>
          </reporter-output>
        </test-method> <!-- test -->
        <test-method status="PASS" signature="test(java.lang.String, java.lang.String, java.lang.String, java.lang.String, java.lang.String, java.lang.String)[pri:0, instance:com.test.RegisterCase@7fac631b]" name="test" duration-ms="1367" started-at="2020-11-30T20:13:41 CST" data-provider="data" finished-at="2020-11-30T20:13:42 CST">
          <params>
            <param index="0">
              <value>
                <![CDATA[9]]>
              </value>
            </param>
            <param index="1">
              <value>
                <![CDATA[2]]>
              </value>
            </param>
            <param index="2">
              <value>
                <![CDATA[{"mobile_phone":"${mobilephone}","pwd":"${pwd}"}]]>
              </value>
            </param>
            <param index="3">
              <value>
                <![CDATA[{"code":0,"msg":"OK","data":{"id":38697,"reg_name":"小柠檬","mobile_phone":"13800000000"},"copyright":"Copyright 柠檬班 © 2017-2020 湖南省零檬信息技术有限公司 All Rights Reserved"}]]>
              </value>
            </param>
            <param index="4">
              <value>
                <![CDATA[[{"no":"1","sql":"SELECT id FROM member WHERE mobile_phone = '${mobilephone}'"}]]]>
              </value>
            </param>
            <param index="5">
              <value>
                <![CDATA[[{"no":"1","sql":"SELECT id FROM member WHERE mobile_phone = '${mobilephone}'"}]]]>
              </value>
            </param>
          </params>
          <reporter-output>
          </reporter-output>
        </test-method> <!-- test -->
        <test-method status="PASS" signature="test(java.lang.String, java.lang.String, java.lang.String, java.lang.String, java.lang.String, java.lang.String)[pri:0, instance:com.test.RegisterCase@7fac631b]" name="test" duration-ms="253" started-at="2020-11-30T20:13:42 CST" data-provider="data" finished-at="2020-11-30T20:13:43 CST">
          <params>
            <param index="0">
              <value>
                <![CDATA[10]]>
              </value>
            </param>
            <param index="1">
              <value>
                <![CDATA[2]]>
              </value>
            </param>
            <param index="2">
              <value>
                <![CDATA[{"mobile_phone":"${mobilephone}","pwd":"${pwd}"}]]>
              </value>
            </param>
            <param index="3">
              <value>
                <![CDATA[{"code":2,"msg":"账号已存在","data":null,"copyright":"Copyright 柠檬班 © 2017-2020 湖南省零檬信息技术有限公司 All Rights Reserved"}]]>
              </value>
            </param>
            <param index="4">
              <value>
                <![CDATA[]]>
              </value>
            </param>
            <param index="5">
              <value>
                <![CDATA[]]>
              </value>
            </param>
          </params>
          <reporter-output>
          </reporter-output>
        </test-method> <!-- test -->
        <test-method status="PASS" signature="batchWriteBackData()[pri:0, instance:com.test.RegisterCase@7fac631b]" name="batchWriteBackData" is-config="true" duration-ms="313" started-at="2020-11-30T20:13:45 CST" finished-at="2020-11-30T20:13:46 CST">
          <reporter-output>
          </reporter-output>
        </test-method> <!-- batchWriteBackData -->
      </class> <!-- com.test.RegisterCase -->
    </test> <!-- post请求测试 -->
  </suite> <!-- All Test Suite -->
</testng-results>
