<?xml version="1.0" encoding="UTF-8"?>
<testsuite xmlns:xsi="http://www.w3.org/2001/XMLSchema-instance" xsi:noNamespaceSchemaLocation="https://maven.apache.org/surefire/maven-surefire-plugin/xsd/surefire-test-report.xsd" name="TestSuite" time="8.747" tests="17" errors="0" skipped="0" failures="0">
  <properties>
[...]
</properties>
  <testcase name="test" classname="com.test.RegisterCase" time="2.153"/>
  <testcase name="test" classname="com.test.RegisterCase" time="0.101"/>
  <testcase name="test" classname="com.test.RegisterCase" time="0.091"/>
  <testcase name="test" classname="com.test.RegisterCase" time="0.1"/>
  <testcase name="test" classname="com.test.RegisterCase" time="1.264"/>
  <testcase name="test" classname="com.test.RegisterCase" time="0.28"/>
  <testcase name="test" classname="com.test.LoginCase" time="0.114"/>
  <testcase name="test" classname="com.test.LoginCase" time="0.084"/>
  <testcase name="test" classname="com.test.LoginCase" time="0.093"/>
  <testcase name="test" classname="com.test.LoginCase" time="0.25"/>
  <testcase name="test" classname="com.test.LoginCase" time="0.342"/>
  <testcase name="test" classname="com.test.RechargeCase" time="0.049"/>
  <testcase name="test" classname="com.test.RechargeCase" time="0.048"/>
  <testcase name="test" classname="com.test.RechargeCase" time="0.075"/>
  <testcase name="test" classname="com.test.RechargeCase" time="0.097"/>
  <testcase name="test" classname="com.test.RechargeCase" time="0.277"/>
  <testcase name="test" classname="com.test.RechargeCase" time="1.267"/>
</testsuite>