<?xml version="1.0" encoding="UTF-8"?>
<!-- Generated by org.testng.reporters.JUnitXMLReporter -->
<testsuite hostname="wuxxiang" ignored="2" name="post请求测试" tests="17" failures="0" timestamp="2020-11-30T20:13:45 CST" time="7.481" errors="0">
  <testcase name="test" time="2.11" classname="com.autotest.base.BaseProcessor"/>
  <testcase name="test" time="0.087" classname="com.autotest.base.BaseProcessor"/>
  <testcase name="test" time="0.06" classname="com.autotest.base.BaseProcessor"/>
  <testcase name="test" time="0.079" classname="com.autotest.base.BaseProcessor"/>
  <testcase name="test" time="1.367" classname="com.autotest.base.BaseProcessor"/>
  <testcase name="test" time="0.253" classname="com.autotest.base.BaseProcessor"/>
  <testcase name="test" time="0.108" classname="com.autotest.base.BaseProcessor"/>
  <testcase name="test" time="0.073" classname="com.autotest.base.BaseProcessor"/>
  <testcase name="test" time="0.1" classname="com.autotest.base.BaseProcessor"/>
  <testcase name="test" time="0.25" classname="com.autotest.base.BaseProcessor"/>
  <testcase name="test" time="0.261" classname="com.autotest.base.BaseProcessor"/>
  <testcase name="test" time="0.084" classname="com.autotest.base.BaseProcessor"/>
  <testcase name="test" time="0.076" classname="com.autotest.base.BaseProcessor"/>
  <testcase name="test" time="0.09" classname="com.autotest.base.BaseProcessor"/>
  <testcase name="test" time="0.098" classname="com.autotest.base.BaseProcessor"/>
  <testcase name="test" time="0.086" classname="com.autotest.base.BaseProcessor"/>
  <testcase name="test" time="1.489" classname="com.autotest.base.BaseProcessor"/>
  <testcase name="@AfterSuite batchWriteBackData" time="0.0" classname="com.autotest.base.BaseProcessor">
    <ignored/>
  </testcase> <!-- @AfterSuite batchWriteBackData -->
  <testcase name="@AfterSuite batchWriteBackData" time="0.0" classname="com.autotest.base.BaseProcessor">
    <ignored/>
  </testcase> <!-- @AfterSuite batchWriteBackData -->
</testsuite> <!-- post请求测试 -->
